[debug] [2026-01-07T22:01:52.401Z] ----------------------------------------------------------------------
[debug] [2026-01-07T22:01:52.403Z] Command:       /Users/sreeramvennapusa/.nvm/versions/node/v22.16.0/bin/node /Users/sreeramvennapusa/.nvm/versions/node/v22.16.0/bin/firebase functions:shell
[debug] [2026-01-07T22:01:52.403Z] CLI Version:   14.15.2
[debug] [2026-01-07T22:01:52.403Z] Platform:      darwin
[debug] [2026-01-07T22:01:52.404Z] Node Version:  v22.16.0
[debug] [2026-01-07T22:01:52.404Z] Time:          Thu Jan 08 2026 09:01:52 GMT+1100 (Australian Eastern Daylight Time)
[debug] [2026-01-07T22:01:52.404Z] ----------------------------------------------------------------------
[debug] 
[debug] [2026-01-07T22:01:52.498Z] > command requires scopes: ["email","openid","https://www.googleapis.com/auth/cloudplatformprojects.readonly","https://www.googleapis.com/auth/firebase","https://www.googleapis.com/auth/cloud-platform"]
[debug] [2026-01-07T22:01:52.499Z] > authorizing via signed-in user (svaagsolutions@gmail.com)
[debug] [2026-01-07T22:01:52.499Z] [iam] checking project hybridofficetracker for permissions ["firebase.projects.get"]
[debug] [2026-01-07T22:01:52.499Z] Checked if tokens are valid: true, expires at: 1767826691577
[debug] [2026-01-07T22:01:52.499Z] Checked if tokens are valid: true, expires at: 1767826691577
[debug] [2026-01-07T22:01:52.500Z] >>> [apiv2][query] POST https://cloudresourcemanager.googleapis.com/v1/projects/hybridofficetracker:testIamPermissions [none]
[debug] [2026-01-07T22:01:52.500Z] >>> [apiv2][(partial)header] POST https://cloudresourcemanager.googleapis.com/v1/projects/hybridofficetracker:testIamPermissions x-goog-quota-user=projects/hybridofficetracker
[debug] [2026-01-07T22:01:52.500Z] >>> [apiv2][body] POST https://cloudresourcemanager.googleapis.com/v1/projects/hybridofficetracker:testIamPermissions {"permissions":["firebase.projects.get"]}
[debug] [2026-01-07T22:01:53.809Z] <<< [apiv2][status] POST https://cloudresourcemanager.googleapis.com/v1/projects/hybridofficetracker:testIamPermissions 200
[debug] [2026-01-07T22:01:53.809Z] <<< [apiv2][body] POST https://cloudresourcemanager.googleapis.com/v1/projects/hybridofficetracker:testIamPermissions {"permissions":["firebase.projects.get"]}
[warn] ⚠  functions: Functions Emulator unable to start on port 5000, starting on 5001 instead. {"metadata":{"emulator":{"name":"functions"},"message":"Functions Emulator unable to start on port 5000, starting on 5001 instead."}}
[debug] [2026-01-07T22:01:53.889Z] [functions] Functions Emulator only supports listening on one address (127.0.0.1). Not listening on ::1
[debug] [2026-01-07T22:01:53.892Z] defaultcredentials: writing to file /Users/sreeramvennapusa/.config/firebase/svaagsolutions_gmail_com_application_default_credentials.json
[debug] [2026-01-07T22:01:53.893Z] DEBUG: Setting GAC to /Users/sreeramvennapusa/.config/firebase/svaagsolutions_gmail_com_application_default_credentials.json
[debug] [2026-01-07T22:01:53.894Z] Checked if tokens are valid: true, expires at: 1767826691577
[debug] [2026-01-07T22:01:53.894Z] Checked if tokens are valid: true, expires at: 1767826691577
[debug] [2026-01-07T22:01:53.894Z] >>> [apiv2][query] GET https://firebase.googleapis.com/v1beta1/projects/hybridofficetracker/adminSdkConfig [none]
[debug] [2026-01-07T22:01:54.588Z] <<< [apiv2][status] GET https://firebase.googleapis.com/v1beta1/projects/hybridofficetracker/adminSdkConfig 200
[debug] [2026-01-07T22:01:54.588Z] <<< [apiv2][body] GET https://firebase.googleapis.com/v1beta1/projects/hybridofficetracker/adminSdkConfig {"projectId":"hybridofficetracker","databaseURL":"https://hybridofficetracker-default-rtdb.asia-southeast1.firebasedatabase.app","storageBucket":"hybridofficetracker.firebasestorage.app"}
[debug] [2026-01-07T22:01:54.608Z] [functions] Watching "/Users/sreeramvennapusa/Documents/officeTracker/OfficeHybridTracker/functions" for Cloud Functions...
[debug] [2026-01-07T22:01:54.613Z] Validating nodejs source
[warn] ⚠  functions: package.json indicates an outdated version of firebase-functions. Please upgrade using npm install --save firebase-functions@latest in your functions directory. 
[warn] ⚠  functions: Please note that there will be breaking changes when you upgrade. 
[debug] [2026-01-07T22:01:55.064Z] > [functions] package.json contents: {
  "name": "functions",
  "description": "Firebase Cloud Functions for Office Tracker",
  "scripts": {
    "serve": "firebase emulators:start --only functions",
    "shell": "firebase functions:shell",
    "start": "npm run shell",
    "deploy": "firebase deploy --only functions",
    "logs": "firebase functions:log"
  },
  "engines": {
    "node": "20"
  },
  "main": "index.js",
  "dependencies": {
    "firebase-admin": "^12.0.0",
    "firebase-functions": "^5.0.0"
  },
  "devDependencies": {
    "firebase-functions-test": "^3.1.0"
  },
  "private": true
}
[debug] [2026-01-07T22:01:55.064Z] Building nodejs source
[debug] [2026-01-07T22:01:55.065Z] Failed to find version of module node: reached end of search path /Users/sreeramvennapusa/Documents/officeTracker/OfficeHybridTracker/functions/node_modules
[warn] ⚠  functions: Your requested "node" version "20" doesn't match your global version "22". Using node@22 from host. 
[debug] [2026-01-07T22:01:55.066Z] Could not find functions.yaml. Must use http discovery
[debug] [2026-01-07T22:01:55.070Z] Found firebase-functions binary at '/Users/sreeramvennapusa/Documents/officeTracker/OfficeHybridTracker/functions/node_modules/.bin/firebase-functions'
[info] Serving at port 8319

[debug] [2026-01-07T22:01:55.380Z] Got response from /__/functions.yaml {"endpoints":{"send10AMReminder":{"platform":"gcfv1","availableMemoryMb":null,"timeoutSeconds":null,"minInstances":null,"maxInstances":null,"ingressSettings":null,"serviceAccountEmail":null,"vpc":null,"scheduleTrigger":{"schedule":"0 10 * * *","retryConfig":{"retryCount":null,"maxDoublings":null,"maxRetryDuration":null,"maxBackoffDuration":null,"minBackoffDuration":null},"timeZone":"America/New_York"},"labels":{},"entryPoint":"send10AMReminder"},"send1PMReminder":{"platform":"gcfv1","availableMemoryMb":null,"timeoutSeconds":null,"minInstances":null,"maxInstances":null,"ingressSettings":null,"serviceAccountEmail":null,"vpc":null,"scheduleTrigger":{"schedule":"0 13 * * *","retryConfig":{"retryCount":null,"maxDoublings":null,"maxRetryDuration":null,"maxBackoffDuration":null,"minBackoffDuration":null},"timeZone":"America/New_York"},"labels":{},"entryPoint":"send1PMReminder"},"send4PMReminder":{"platform":"gcfv1","availableMemoryMb":null,"timeoutSeconds":null,"minInstances":null,"maxInstances":null,"ingressSettings":null,"serviceAccountEmail":null,"vpc":null,"scheduleTrigger":{"schedule":"0 16 * * *","retryConfig":{"retryCount":null,"maxDoublings":null,"maxRetryDuration":null,"maxBackoffDuration":null,"minBackoffDuration":null},"timeZone":"America/New_York"},"labels":{},"entryPoint":"send4PMReminder"},"sendMondaySummary":{"platform":"gcfv1","availableMemoryMb":null,"timeoutSeconds":null,"minInstances":null,"maxInstances":null,"ingressSettings":null,"serviceAccountEmail":null,"vpc":null,"scheduleTrigger":{"schedule":"0 9 * * 1","retryConfig":{"retryCount":null,"maxDoublings":null,"maxRetryDuration":null,"maxBackoffDuration":null,"minBackoffDuration":null},"timeZone":"America/New_York"},"labels":{},"entryPoint":"sendMondaySummary"},"sendFridaySummary":{"platform":"gcfv1","availableMemoryMb":null,"timeoutSeconds":null,"minInstances":null,"maxInstances":null,"ingressSettings":null,"serviceAccountEmail":null,"vpc":null,"scheduleTrigger":{"schedule":"0 9 * * 5","retryConfig":{"retryCount":null,"maxDoublings":null,"maxRetryDuration":null,"maxBackoffDuration":null,"minBackoffDuration":null},"timeZone":"America/New_York"},"labels":{},"entryPoint":"sendFridaySummary"},"sendTestNotification":{"platform":"gcfv1","availableMemoryMb":null,"timeoutSeconds":null,"minInstances":null,"maxInstances":null,"ingressSettings":null,"serviceAccountEmail":null,"vpc":null,"httpsTrigger":{},"entryPoint":"sendTestNotification"}},"specVersion":"v1alpha1","requiredAPIs":[{"api":"cloudscheduler.googleapis.com","reason":"Needed for scheduled functions."}],"extensions":{}}
[debug] [2026-01-07T22:01:59.403Z] [functions] Loaded functions definitions from source: send10AMReminder, send1PMReminder, send4PMReminder, sendMondaySummary, sendFridaySummary, sendTestNotification.
[debug] [2026-01-07T22:01:59.404Z] [functions[us-central1-send10AMReminder]] function ignored because the pubsub emulator does not exist or is not running.
[debug] [2026-01-07T22:01:59.404Z] [functions[us-central1-send1PMReminder]] function ignored because the pubsub emulator does not exist or is not running.
[debug] [2026-01-07T22:01:59.404Z] [functions[us-central1-send4PMReminder]] function ignored because the pubsub emulator does not exist or is not running.
[debug] [2026-01-07T22:01:59.404Z] [functions[us-central1-sendMondaySummary]] function ignored because the pubsub emulator does not exist or is not running.
[debug] [2026-01-07T22:01:59.404Z] [functions[us-central1-sendFridaySummary]] function ignored because the pubsub emulator does not exist or is not running.
[debug] [2026-01-07T22:01:59.405Z] [functions[us-central1-sendTestNotification]] http function initialized (http://127.0.0.1:5001/hybridofficetracker/us-central1/sendTestNotification).
[info] i  functions: Loaded functions: send10AMReminder, send1PMReminder, send4PMReminder, sendMondaySummary, sendFridaySummary, sendTestNotification 
[warn] ⚠  functions: The following emulators are not running, calls to these services will affect production: firestore, database, pubsub, storage, eventarc, tasks 
[debug] [2026-01-07T22:02:08.720Z] shell:send10AMReminder: trigger={"entryPoint":"send10AMReminder","platform":"gcfv1","region":"us-central1","name":"send10AMReminder","id":"us-central1-send10AMReminder","codebase":"default","availableMemoryMb":256,"labels":{"EVENTARC_CLOUD_EVENT_SOURCE":"cloudfunctions-emulated.googleapis.com/projects/hybridofficetracker/locations/us-central1/functions/send10AMReminder"},"timeoutSeconds":60,"secretEnvironmentVariables":[],"eventTrigger":{"eventType":"pubsub","resource":""},"schedule":{"schedule":"0 10 * * *","timeZone":"America/New_York","retryConfig":{"maxBackoffSeconds":null,"minBackoffSeconds":null,"maxRetrySeconds":null,"retryCount":null,"maxDoublings":null}}}
[debug] [2026-01-07T22:02:08.720Z] shell:send10AMReminder: opts={}, data={}
[debug] [2026-01-07T22:02:08.728Z] DEBUG: [worker-pool] addWorker(us-central1-send10AMReminder)
[debug] [2026-01-07T22:02:08.729Z] DEBUG: [worker-pool] Adding worker with key us-central1-send10AMReminder, total=1
[debug] [2026-01-07T22:02:09.582Z] DEBUG: [runtime-status] [96390] Resolved module firebase-admin {"declared":true,"installed":true,"version":"12.7.0","resolution":"/Users/sreeramvennapusa/Documents/officeTracker/OfficeHybridTracker/functions/node_modules/firebase-admin/lib/index.js"}
[debug] [2026-01-07T22:02:09.582Z] DEBUG: [runtime-status] [96390] Resolved module firebase-functions {"declared":true,"installed":true,"version":"5.1.1","resolution":"/Users/sreeramvennapusa/Documents/officeTracker/OfficeHybridTracker/functions/node_modules/firebase-functions/lib/v1/index.js"}
[debug] [2026-01-07T22:02:09.583Z] DEBUG: [runtime-status] [96390] Outgoing network have been stubbed. [{"name":"http","status":"mocked"},{"name":"http","status":"mocked"},{"name":"https","status":"mocked"},{"name":"https","status":"mocked"},{"name":"net","status":"mocked"}]
[debug] [2026-01-07T22:02:09.583Z] DEBUG: [runtime-status] [96390] Resolved module firebase-functions {"declared":true,"installed":true,"version":"5.1.1","resolution":"/Users/sreeramvennapusa/Documents/officeTracker/OfficeHybridTracker/functions/node_modules/firebase-functions/lib/v1/index.js"}
[debug] [2026-01-07T22:02:09.728Z] DEBUG: [runtime-status] [96390] Checked functions.config() {"config":{}}
[debug] [2026-01-07T22:02:09.728Z] DEBUG: [runtime-status] [96390] firebase-functions has been stubbed. {"functionsResolution":{"declared":true,"installed":true,"version":"5.1.1","resolution":"/Users/sreeramvennapusa/Documents/officeTracker/OfficeHybridTracker/functions/node_modules/firebase-functions/lib/v1/index.js"}}
[debug] [2026-01-07T22:02:09.728Z] DEBUG: [runtime-status] [96390] Resolved module firebase-functions {"declared":true,"installed":true,"version":"5.1.1","resolution":"/Users/sreeramvennapusa/Documents/officeTracker/OfficeHybridTracker/functions/node_modules/firebase-functions/lib/v1/index.js"}
[debug] [2026-01-07T22:02:09.728Z] DEBUG: [runtime-status] [96390] Resolved module firebase-admin {"declared":true,"installed":true,"version":"12.7.0","resolution":"/Users/sreeramvennapusa/Documents/officeTracker/OfficeHybridTracker/functions/node_modules/firebase-admin/lib/index.js"}
[debug] [2026-01-07T22:02:09.729Z] DEBUG: [runtime-status] [96390] Resolved module firebase-functions {"declared":true,"installed":true,"version":"5.1.1","resolution":"/Users/sreeramvennapusa/Documents/officeTracker/OfficeHybridTracker/functions/node_modules/firebase-functions/lib/v1/index.js"}
[debug] [2026-01-07T22:02:09.730Z] DEBUG: [runtime-status] [96390] firebase-admin has been stubbed. {"adminResolution":{"declared":true,"installed":true,"version":"12.7.0","resolution":"/Users/sreeramvennapusa/Documents/officeTracker/OfficeHybridTracker/functions/node_modules/firebase-admin/lib/index.js"}}
[debug] [2026-01-07T22:02:09.731Z] DEBUG: [runtime-status] [96390] initializeApp(DEFAULT) {"storageBucket":"hybridofficetracker.firebasestorage.app","databaseURL":"https://hybridofficetracker-default-rtdb.asia-southeast1.firebasedatabase.app","projectId":"hybridofficetracker"}
[debug] [2026-01-07T22:02:09.734Z] DEBUG: [runtime-status] [96390] Functions runtime initialized. {"cwd":"/Users/sreeramvennapusa/Documents/officeTracker/OfficeHybridTracker/functions","node_version":"22.16.0"}
[debug] [2026-01-07T22:02:09.734Z] DEBUG: [runtime-status] [96390] Listening to port: /var/folders/0g/0jnf_js17675b85k06r2ffk00000gn/T/fire_emu_cd0bd05eb964fbeb.sock
[debug] [2026-01-07T22:02:09.747Z] DEBUG: [worker-us-central1-send10AMReminder-fde30968-a011-4511-b629-4359ec0a5a87]: IDLE
[debug] [2026-01-07T22:02:09.758Z] DEBUG: [runtime-status] [96390] RunBackground {"data":{},"context":{"eventId":"c858444c-f260-45f0-8cf2-137982238c35","timestamp":"2026-01-07T22:02:08.721Z","eventType":"pubsub","auth":{"admin":false}}}
[warn] ⚠  functions: The Realtime Database emulator is not running, so calls to Realtime Database will affect production. {"metadata":{"emulator":{"name":"functions"},"function":{"name":"us-central1-send10AMReminder"},"extension":{},"message":"The Realtime Database emulator is not running, so calls to Realtime Database will affect production."}}
[info] >  10:00 AM Reminder: Found 0 users to notify {"user":"10:00 AM Reminder: Found 0 users to notify","metadata":{"emulator":{"name":"functions"},"function":{"name":"us-central1-send10AMReminder"},"extension":{},"message":"\u001b[90m> \u001b[39m 10:00 AM Reminder: Found 0 users to notify"}}
[debug] [2026-01-07T22:03:27.823Z] DEBUG: [worker-us-central1-send10AMReminder-fde30968-a011-4511-b629-4359ec0a5a87]: exited
[debug] [2026-01-07T22:03:27.825Z] DEBUG: [worker-us-central1-send10AMReminder-fde30968-a011-4511-b629-4359ec0a5a87]: FINISHED
